<?xml version="1.0" encoding="UTF-8"?>
<!-- Generated by org.testng.reporters.JUnitXMLReporter -->
<testsuite ignored="0" hostname="REM-LT-230201A" failures="0" tests="9" name="Default test" time="7.521" errors="0" timestamp="2023-02-17T15:08:38 CST">
  <testcase classname="com.unosquare.PRFinal.TestMethods" name="validateGetUnknownList" time="3.795"/>
  <testcase classname="com.unosquare.PRFinal.TestMethods" name="validateGetUnknownUser" time="0.51"/>
  <testcase classname="com.unosquare.PRFinal.TestMethods" name="validateGetUser" time="0.25"/>
  <testcase classname="com.unosquare.PRFinal.TestMethods" name="validateGetUsers" time="0.196"/>
  <testcase classname="com.unosquare.PRFinal.TestMethods" name="validatePostCreateUser" time="0.599"/>
  <testcase classname="com.unosquare.PRFinal.TestMethods" name="validatePostLogin" time="0.506"/>
  <testcase classname="com.unosquare.PRFinal.TestMethods" name="validatePutUser" time="0.514"/>
  <testcase classname="com.unosquare.PRFinal.TestMethods" name="validateSuccessfullPostRegister" time="0.508"/>
  <testcase classname="com.unosquare.PRFinal.TestMethods" name="validateUnsuccessfullPostRegister" time="0.508"/>
</testsuite> <!-- Default test -->
