<?xml version="1.0" encoding="UTF-8"?>
<!-- Generated by org.testng.reporters.JUnitXMLReporter -->
<testsuite ignored="0" hostname="REM-LT-230201A" failures="0" tests="9" name="Default test" time="8.443" errors="0" timestamp="2023-02-17T16:12:17 CST">
  <testcase classname="com.unosquare.PRFinal.TestMethods" name="validateGetUnknownList" time="3.781"/>
  <testcase classname="com.unosquare.PRFinal.TestMethods" name="validateGetUnknownUser" time="0.604"/>
  <testcase classname="com.unosquare.PRFinal.TestMethods" name="validateGetUser" time="0.361"/>
  <testcase classname="com.unosquare.PRFinal.TestMethods" name="validateGetUsers" time="0.299"/>
  <testcase classname="com.unosquare.PRFinal.TestMethods" name="validatePostCreateUser" time="0.75"/>
  <testcase classname="com.unosquare.PRFinal.TestMethods" name="validatePostLogin" time="0.711"/>
  <testcase classname="com.unosquare.PRFinal.TestMethods" name="validatePutUser" time="0.624"/>
  <testcase classname="com.unosquare.PRFinal.TestMethods" name="validateSuccessfullPostRegister" time="0.604"/>
  <testcase classname="com.unosquare.PRFinal.TestMethods" name="validateUnsuccessfullPostRegister" time="0.613"/>
</testsuite> <!-- Default test -->
