<?xml version="1.0" encoding="UTF-8"?>
<!-- Generated by org.testng.reporters.JUnitReportReporter -->
<testsuite hostname="REM-LT-230201A" failures="0" tests="9" name="com.unosquare.PRFinal.TestMethods" time="7.386" errors="0" timestamp="2023-02-17T15:08:38 CST" skipped="0">
  <testcase classname="com.unosquare.PRFinal.TestMethods" name="validateGetUnknownList" time="3.795"/>
  <system-out>
    <![CDATA[GetUnknownList code: 404
GetUnknownList response body: <html lang="en">
  <head>
    <script>
            ;(function (w, d, s, l, i) {
                w[l] = w[l] || []
                w[l].push({
                    'gtm.start': new Date().getTime(),
                    event: 'gtm.js',
                })
                var f = d.getElementsByTagName(s)[0],
                    j = d.createElement(s),
                    dl = l != 'dataLayer' ? '&amp;l=' + l : ''
                j.async = true
                j.src = 'https://www.googletagmanager.com/gtm.js?id=' + i + dl
                f.parentNode.insertBefore(j, f)
            })(window, document, 'script', 'dataLayer', 'GTM-KB622KF')
        </script>
    <script src="https://js.stripe.com/v3/"/>
    <meta charset="utf-8"/>
    <meta name="viewport" content="width=device-width, initial-scale=1.0, maximum-scale=1.0"/>
    <meta name="description" content="A hosted REST-API ready to respond to your AJAX requests"/>
    <title>
            Reqres - A hosted REST-API ready to respond to your AJAX requests
        </title>
    <link href="//maxcdn.bootstrapcdn.com/font-awesome/4.2.0/css/font-awesome.min.css" rel="stylesheet"/>
    <link rel="stylesheet" href="/css/app.css"/>
    <script type="text/javascript" src="//m.servedby-buysellads.com/monetization.custom.js"/>
  </head>
  <body>
    <div class="header-content">
      <header class="main-header">
        <section class="wrap">
          <h1 class="logo">
            <a shape="rect" href="/">
              <img src="/img/logo.png" alt=""/>
            </a>
          </h1>
        </section>
      </header>
      <main class="the-sell">
        <div class="wrap">
          <h2 class="tagline">
                        Test your front-end against a real API
                    </h2>
          <section class="key-sells">
            <div class="sell">
              <div class="v-center">
                <h3>Fake data</h3>
                <p>
                                    No more tedious sample data creation, we've
                                    got it covered.
                                </p>
              </div>
              <i class="fa fa-cloud-download"/>
            </div>
            <div class="sell">
              <div class="v-center">
                <h3>Real responses</h3>
                <p>
                                    Develop with real response codes. GET, POST,
                                    PUT &amp; DELETE supported.
                                </p>
              </div>
              <i class="fa fa-code"/>
            </div>
            <div class="sell">
              <div class="v-center">
                <h3>Always-on</h3>
                <p>

                                    24/7                   <strong>
                    <em>free</em>
                  </strong>
 access
                                    in your development phases. Go nuts.
                                                </p>
              </div>
              <i class="fa fa-toggle-on"/>
            </div>
          </section>
          <h2 class="tagline">
                        A hosted REST-API ready to respond to your AJAX
                        requests.
                    </h2>
          <div class="t-center main-arrow">
            <i class="fa fa-arrow-circle-down"/>
          </div>
          <script id="_carbonads_js" async="async" type="text/javascript" src="//cdn.carbonads.com/carbon.js?serve=CE7D6K3E&amp;placement=reqresin"/>
        </div>
      </main>
    </div>
    <div class="container">404</div>
    <footer>
      <div class="wrap">
        <hr class="dark"/>
        <p class="t-center">

                    Made for developers and designers by
                              <a shape="rect" href="https://benhowdle.im">Ben Howdle</a>
        </p>
      </div>
    </footer>
    <script type="text/javascript" src="https://cdnjs.cloudflare.com/ajax/libs/fastclick/1.0.3/fastclick.min.js"/>
    <script src="/js/app.js"/>
    <script async="async" src="https://www.googletagmanager.com/gtag/js?id=UA-174008107-1"/>
    <script>
            window.dataLayer = window.dataLayer || []
            function gtag() {
                dataLayer.push(arguments)
            }
            gtag('js', new Date())

            gtag('config', 'UA-174008107-1')
        </script>
    <script>
            ;(function (i, s, o, g, r, a, m) {
                i['GoogleAnalyticsObject'] = r
                ;(i[r] =
                    i[r] ||
                    function () {
                        ;(i[r].q = i[r].q || []).push(arguments)
                    }),
                    (i[r].l = 1 * new Date())
                ;(a = s.createElement(o)), (m = s.getElementsByTagName(o)[0])
                a.async = 1
                a.src = g
                m.parentNode.insertBefore(a, m)
            })(
                window,
                document,
                'script',
                '//www.google-analytics.com/analytics.js',
                'ga'
            )

            ga('create', 'UA-55888877-1', 'auto')
            ga('send', 'pageview')
        </script>
    <script>
            ;(function () {
                if (typeof _bsa !== 'undefined' &amp;&amp; _bsa) {
                    _bsa.init(
                        'custom',
                        'CEBIP53J',
                        'placement:reqresin-sponsor',
                        {
                            target: '#impeccable-js',
                            template: `
        &lt;a href="##link##" rel="sponsored noopener" target="_blank" title="##company## — ##tagline##"&gt;
        &lt;img src="##logo##" style="background-color: ##backgroundColor##"&gt;
        &lt;div class="sponsor-description"&gt;##description##&lt;/div&gt;
        &lt;div class="sponsor-cta" style="background-color: ##backgroundColor##; color: ##textColor##"&gt;##callToAction##&lt;/div&gt;
        &lt;/a&gt;
        `,
                        }
                    )
                }
            })()
        </script>
  </body>
</html>]]>
  </system-out>
  <testcase classname="com.unosquare.PRFinal.TestMethods" name="validatePostLogin" time="0.506"/>
  <system-out>
    <![CDATA[PostLogin status code: 201
PostLogin response body: {
    "password": "cityslicka",
    "email": "eve.holt@reqres.in",
    "id": "209",
    "createdAt": "2023-02-17T21:08:25.212Z"
}]]>
  </system-out>
  <testcase classname="com.unosquare.PRFinal.TestMethods" name="validateGetUser" time="0.250"/>
  <system-out>
    <![CDATA[GetUser with id=2 status code: 200
GetUser with id=2 response body: {
    "data": {
        "id": 2,
        "email": "janet.weaver@reqres.in",
        "first_name": "Janet",
        "last_name": "Weaver",
        "avatar": "https://reqres.in/img/faces/2-image.jpg"
    },
    "support": {
        "url": "https://reqres.in/#support-heading",
        "text": "To keep ReqRes free, contributions towards server costs are appreciated!"
    }
}]]>
  </system-out>
  <testcase classname="com.unosquare.PRFinal.TestMethods" name="validateGetUsers" time="0.196"/>
  <system-out>
    <![CDATA[GetUsers status code: 200
GetUsers response body: {
    "data": {
        "id": 2,
        "email": "janet.weaver@reqres.in",
        "first_name": "Janet",
        "last_name": "Weaver",
        "avatar": "https://reqres.in/img/faces/2-image.jpg"
    },
    "support": {
        "url": "https://reqres.in/#support-heading",
        "text": "To keep ReqRes free, contributions towards server costs are appreciated!"
    }
}]]>
  </system-out>
  <testcase classname="com.unosquare.PRFinal.TestMethods" name="validateUnsuccessfullPostRegister" time="0.508"/>
  <system-out>
    <![CDATA[PostRegister status code: 400
PostRegister response body: {
    "error": "Missing password"
}]]>
  </system-out>
  <testcase classname="com.unosquare.PRFinal.TestMethods" name="validateGetUnknownUser" time="0.510"/>
  <system-out>
    <![CDATA[GetUnknown status code: 404
GetUnknown response body: <html lang="en">
  <head>
    <script>
            ;(function (w, d, s, l, i) {
                w[l] = w[l] || []
                w[l].push({
                    'gtm.start': new Date().getTime(),
                    event: 'gtm.js',
                })
                var f = d.getElementsByTagName(s)[0],
                    j = d.createElement(s),
                    dl = l != 'dataLayer' ? '&amp;l=' + l : ''
                j.async = true
                j.src = 'https://www.googletagmanager.com/gtm.js?id=' + i + dl
                f.parentNode.insertBefore(j, f)
            })(window, document, 'script', 'dataLayer', 'GTM-KB622KF')
        </script>
    <script src="https://js.stripe.com/v3/"/>
    <meta charset="utf-8"/>
    <meta name="viewport" content="width=device-width, initial-scale=1.0, maximum-scale=1.0"/>
    <meta name="description" content="A hosted REST-API ready to respond to your AJAX requests"/>
    <title>
            Reqres - A hosted REST-API ready to respond to your AJAX requests
        </title>
    <link href="//maxcdn.bootstrapcdn.com/font-awesome/4.2.0/css/font-awesome.min.css" rel="stylesheet"/>
    <link rel="stylesheet" href="/css/app.css"/>
    <script type="text/javascript" src="//m.servedby-buysellads.com/monetization.custom.js"/>
  </head>
  <body>
    <div class="header-content">
      <header class="main-header">
        <section class="wrap">
          <h1 class="logo">
            <a shape="rect" href="/">
              <img src="/img/logo.png" alt=""/>
            </a>
          </h1>
        </section>
      </header>
      <main class="the-sell">
        <div class="wrap">
          <h2 class="tagline">
                        Test your front-end against a real API
                    </h2>
          <section class="key-sells">
            <div class="sell">
              <div class="v-center">
                <h3>Fake data</h3>
                <p>
                                    No more tedious sample data creation, we've
                                    got it covered.
                                </p>
              </div>
              <i class="fa fa-cloud-download"/>
            </div>
            <div class="sell">
              <div class="v-center">
                <h3>Real responses</h3>
                <p>
                                    Develop with real response codes. GET, POST,
                                    PUT &amp; DELETE supported.
                                </p>
              </div>
              <i class="fa fa-code"/>
            </div>
            <div class="sell">
              <div class="v-center">
                <h3>Always-on</h3>
                <p>

                                    24/7                   <strong>
                    <em>free</em>
                  </strong>
 access
                                    in your development phases. Go nuts.
                                                </p>
              </div>
              <i class="fa fa-toggle-on"/>
            </div>
          </section>
          <h2 class="tagline">
                        A hosted REST-API ready to respond to your AJAX
                        requests.
                    </h2>
          <div class="t-center main-arrow">
            <i class="fa fa-arrow-circle-down"/>
          </div>
          <script id="_carbonads_js" async="async" type="text/javascript" src="//cdn.carbonads.com/carbon.js?serve=CE7D6K3E&amp;placement=reqresin"/>
        </div>
      </main>
    </div>
    <div class="container">404</div>
    <footer>
      <div class="wrap">
        <hr class="dark"/>
        <p class="t-center">

                    Made for developers and designers by
                              <a shape="rect" href="https://benhowdle.im">Ben Howdle</a>
        </p>
      </div>
    </footer>
    <script type="text/javascript" src="https://cdnjs.cloudflare.com/ajax/libs/fastclick/1.0.3/fastclick.min.js"/>
    <script src="/js/app.js"/>
    <script async="async" src="https://www.googletagmanager.com/gtag/js?id=UA-174008107-1"/>
    <script>
            window.dataLayer = window.dataLayer || []
            function gtag() {
                dataLayer.push(arguments)
            }
            gtag('js', new Date())

            gtag('config', 'UA-174008107-1')
        </script>
    <script>
            ;(function (i, s, o, g, r, a, m) {
                i['GoogleAnalyticsObject'] = r
                ;(i[r] =
                    i[r] ||
                    function () {
                        ;(i[r].q = i[r].q || []).push(arguments)
                    }),
                    (i[r].l = 1 * new Date())
                ;(a = s.createElement(o)), (m = s.getElementsByTagName(o)[0])
                a.async = 1
                a.src = g
                m.parentNode.insertBefore(a, m)
            })(
                window,
                document,
                'script',
                '//www.google-analytics.com/analytics.js',
                'ga'
            )

            ga('create', 'UA-55888877-1', 'auto')
            ga('send', 'pageview')
        </script>
    <script>
            ;(function () {
                if (typeof _bsa !== 'undefined' &amp;&amp; _bsa) {
                    _bsa.init(
                        'custom',
                        'CEBIP53J',
                        'placement:reqresin-sponsor',
                        {
                            target: '#impeccable-js',
                            template: `
        &lt;a href="##link##" rel="sponsored noopener" target="_blank" title="##company## — ##tagline##"&gt;
        &lt;img src="##logo##" style="background-color: ##backgroundColor##"&gt;
        &lt;div class="sponsor-description"&gt;##description##&lt;/div&gt;
        &lt;div class="sponsor-cta" style="background-color: ##backgroundColor##; color: ##textColor##"&gt;##callToAction##&lt;/div&gt;
        &lt;/a&gt;
        `,
                        }
                    )
                }
            })()
        </script>
  </body>
</html>]]>
  </system-out>
  <testcase classname="com.unosquare.PRFinal.TestMethods" name="validatePostCreateUser" time="0.599"/>
  <system-out>
    <![CDATA[PostCreateUsers status code: 201
PostCreateUsers response body: {
    "name": "Grimes",
    "job": "Singer",
    "id": "697",
    "createdAt": "2023-02-17T21:08:24.660Z"
}]]>
  </system-out>
  <testcase classname="com.unosquare.PRFinal.TestMethods" name="validateSuccessfullPostRegister" time="0.508"/>
  <system-out>
    <![CDATA[PostRegister status code: 200
PostRegister response body: {
    "id": 4,
    "token": "QpwL5tke4Pnpja7X4"
}]]>
  </system-out>
  <testcase classname="com.unosquare.PRFinal.TestMethods" name="validatePutUser" time="0.514"/>
  <system-out>
    <![CDATA[GetUser with id=2 status code: 200
GetUser with id=2 response body: {
    "name": "morpheus",
    "job": "zion resident",
    "updatedAt": "2023-02-17T21:08:25.720Z"
}]]>
  </system-out>
</testsuite> <!-- com.unosquare.PRFinal.TestMethods -->
