<?xml version="1.0" encoding="UTF-8"?>
<!-- Generated by org.testng.reporters.JUnitReportReporter -->
<testsuite hostname="REM-LT-230201A" failures="0" tests="4" name="com.unosquare.FirstAPIJava" time="4.042" errors="0" timestamp="2023-02-08T00:23:55 CST" skipped="0">
  <testcase classname="com.unosquare.FirstAPIJava" name="f" time="3.013"/>
  <system-out>
    <![CDATA[{"data":{"id":2,"email":"janet.weaver@reqres.in","first_name":"Janet","last_name":"Weaver","avatar":"https://reqres.in/img/faces/2-image.jpg"},"support":{"url":"https://reqres.in/#support-heading","text":"To keep ReqRes free, contributions towards server costs are appreciated!"}}]]>
  </system-out>
  <testcase classname="com.unosquare.FirstAPIJava" name="g" time="0.286"/>
  <system-out>
    <![CDATA[{"data":{"id":2,"name":"fuchsia rose","year":2001,"color":"#C74375","pantone_value":"17-2031"},"support":{"url":"https://reqres.in/#support-heading","text":"To keep ReqRes free, contributions towards server costs are appreciated!"}}]]>
  </system-out>
  <testcase classname="com.unosquare.FirstAPIJava" name="fixCode" time="0.292"/>
  <system-out>
    <![CDATA[Sucess 200 validation]]>
  </system-out>
  <testcase classname="com.unosquare.FirstAPIJava" name="post_1" time="0.451"/>
  <system-out/>
</testsuite> <!-- com.unosquare.FirstAPIJava -->
